<?xml version="1.0" encoding="UTF-8"?>
<testsuite name="tobyspring.helloboot.SimpleHelloServiceTest" tests="1" skipped="0" failures="0" errors="0" timestamp="2024-03-07T04:10:08" hostname="skcc06266.local" time="0.024">
  <properties/>
  <testcase name="helloDecorator()" classname="tobyspring.helloboot.SimpleHelloServiceTest" time="0.024"/>
  <system-out><![CDATA[]]></system-out>
  <system-err><![CDATA[]]></system-err>
</testsuite>
